\BOOKMARK [1][-]{section.1}{\376\377\000A\000s\000\040\000p\000r\000i\000n\000c\000i\000p\000a\000i\000s\000\040\000\341\000r\000e\000a\000s\000\040\000d\000a\000\040\000F\000\355\000s\000i\000c\000a}{}% 1
\BOOKMARK [1][-]{section.2}{\376\377\000F\000\355\000s\000i\000c\000a\000\040\000C\000l\000\341\000s\000s\000i\000c\000a}{}% 2
\BOOKMARK [2][-]{subsection.2.1}{\376\377\000M\000e\000c\000\342\000n\000i\000c\000a}{section.2}% 3
\BOOKMARK [3][-]{subsubsection.2.1.1}{\376\377\000C\000i\000n\000e\000m\000\341\000t\000i\000c\000a}{subsection.2.1}% 4
\BOOKMARK [3][-]{subsubsection.2.1.2}{\376\377\000D\000i\000n\000\342\000m\000i\000c\000a}{subsection.2.1}% 5
\BOOKMARK [3][-]{subsubsection.2.1.3}{\376\377\000E\000s\000t\000\341\000t\000i\000c\000a}{subsection.2.1}% 6
\BOOKMARK [3][-]{subsubsection.2.1.4}{\376\377\000M\000e\000c\000\342\000n\000i\000c\000a\000\040\000d\000o\000s\000\040\000F\000l\000u\000i\000d\000o\000s}{subsection.2.1}% 7
\BOOKMARK [2][-]{subsection.2.2}{\376\377\000T\000e\000r\000m\000o\000d\000i\000n\000\342\000m\000i\000c\000a}{section.2}% 8
\BOOKMARK [2][-]{subsection.2.3}{\376\377\000\323\000p\000t\000i\000c\000a}{section.2}% 9
\BOOKMARK [3][-]{subsubsection.2.3.1}{\376\377\000G\000e\000o\000m\000\351\000t\000r\000i\000c\000a}{subsection.2.3}% 10
\BOOKMARK [3][-]{subsubsection.2.3.2}{\376\377\000O\000n\000d\000u\000l\000a\000t\000\363\000r\000i\000a}{subsection.2.3}% 11
\BOOKMARK [2][-]{subsection.2.4}{\376\377\000E\000l\000e\000t\000r\000o\000m\000a\000g\000n\000e\000t\000i\000s\000m\000o}{section.2}% 12
\BOOKMARK [3][-]{subsubsection.2.4.1}{\376\377\000E\000l\000e\000t\000r\000o\000s\000t\000\341\000t\000i\000c\000a}{subsection.2.4}% 13
\BOOKMARK [3][-]{subsubsection.2.4.2}{\376\377\000C\000i\000r\000c\000u\000i\000t\000o\000s}{subsection.2.4}% 14
\BOOKMARK [3][-]{subsubsection.2.4.3}{\376\377\000M\000a\000g\000n\000e\000t\000o\000s\000t\000\341\000t\000i\000c\000a}{subsection.2.4}% 15
\BOOKMARK [3][-]{subsubsection.2.4.4}{\376\377\000E\000l\000e\000t\000r\000o\000d\000i\000n\000\342\000m\000i\000c\000a}{subsection.2.4}% 16
\BOOKMARK [2][-]{subsection.2.5}{\376\377\000O\000n\000d\000u\000l\000a\000t\000\363\000r\000i\000a}{section.2}% 17
\BOOKMARK [2][-]{subsection.2.6}{\376\377\000A\000c\000\372\000s\000t\000i\000c\000a}{section.2}% 18
\BOOKMARK [1][-]{section.3}{\376\377\000F\000\355\000s\000i\000c\000a\000\040\000M\000o\000d\000e\000r\000n\000a}{}% 19
\BOOKMARK [2][-]{subsection.3.1}{\376\377\000R\000e\000l\000a\000t\000i\000v\000i\000d\000a\000d\000e}{section.3}% 20
\BOOKMARK [3][-]{subsubsection.3.1.1}{\376\377\000R\000e\000s\000t\000r\000i\000t\000a}{subsection.3.1}% 21
\BOOKMARK [3][-]{subsubsection.3.1.2}{\376\377\000G\000e\000r\000a\000l}{subsection.3.1}% 22
\BOOKMARK [2][-]{subsection.3.2}{\376\377\000F\000\355\000s\000i\000c\000a\000\040\000Q\000u\000\342\000n\000t\000i\000c\000a}{section.3}% 23
\BOOKMARK [2][-]{subsection.3.3}{\376\377\000F\000\355\000s\000i\000c\000a\000\040\000N\000u\000c\000l\000e\000a\000r}{section.3}% 24
\BOOKMARK [2][-]{subsection.3.4}{\376\377\000F\000\355\000s\000i\000c\000a\000\040\000d\000e\000\040\000P\000a\000r\000t\000\355\000c\000u\000l\000a\000s}{section.3}% 25
\BOOKMARK [1][-]{section.4}{\376\377\000F\000\355\000s\000i\000c\000a\000s\000\040\000I\000n\000t\000e\000r\000d\000i\000s\000c\000i\000p\000l\000i\000n\000a\000r\000e\000s}{}% 26
